Running: C:\Xilinx\14.7\ISE_DS\ISE\bin\nt64\unwrapped\fuse.exe -intstyle ise -incremental -lib secureip -o C:/Users/Brandon/Documents/Arqiutectura computadoras/Pila/pilatb_isim_beh.exe -prj C:/Users/Brandon/Documents/Arqiutectura computadoras/Pila/pilatb_beh.prj work.pilatb 
ISim P.20131013 (signature 0x7708f090)
Number of CPUs detected in this system: 2
Turning on mult-threading, number of parallel sub-compilation jobs: 4 
Determining compilation order of HDL files
Parsing VHDL file "C:/Users/Brandon/Documents/Arqiutectura computadoras/Pila/Pila.vhd" into library work
Parsing VHDL file "C:/Users/Brandon/Documents/Arqiutectura computadoras/Pila/pilatb.vhd" into library work
Starting static elaboration
Completed static elaboration
Compiling package standard
Compiling package textio
Compiling package std_logic_1164
Compiling package std_logic_arith
Compiling package std_logic_unsigned
Compiling package std_logic_textio
Compiling architecture behavioral of entity Pila [pila_default]
Compiling architecture behavior of entity pilatb
Time Resolution for simulation is 1ps.
Waiting for 4 sub-compilation(s) to finish...
Compiled 9 VHDL Units
Built simulation executable C:/Users/Brandon/Documents/Arqiutectura computadoras/Pila/pilatb_isim_beh.exe
Fuse Memory Usage: 33560 KB
Fuse CPU Usage: 811 ms
